<?xml version="1.0" encoding="UTF-8"?>
<Site BuildName="(empty)"
	BuildStamp="20250527-1633-Experimental"
	Name="chaitanya"
	Generator="ctest-3.22.1"
	CompilerName="/usr/bin/aarch64-linux-gnu-g++"
	CompilerVersion="11.4.0"
	OSName="Linux"
	Hostname="chaitanya"
	OSRelease="5.15.0-1077-raspi"
	OSVersion="#80-Ubuntu SMP PREEMPT Thu Apr 17 03:17:35 UTC 2025"
	OSPlatform="aarch64"
	Is64Bits="1"
	VendorString=""
	VendorID="Unknown Manufacturer"
	FamilyID="8"
	ModelID="0"
	ProcessorCacheSize="0"
	NumberOfLogicalCPU="4"
	NumberOfPhysicalCPU="1"
	TotalVirtualMemory="1023"
	TotalPhysicalMemory="3789"
	LogicalProcessorsPerPhysical="4"
	ProcessorClockFrequency="0"
	>
	<Testing>
		<StartDateTime>May 27 17:33 BST</StartDateTime>
		<StartTestTime>1748363620</StartTestTime>
		<TestList/>
		<EndDateTime>May 27 17:33 BST</EndDateTime>
		<EndTestTime>1748363620</EndTestTime>
		<ElapsedMinutes>0</ElapsedMinutes>
	</Testing>
</Site>
