<?xml version="1.0" encoding="UTF-8"?>
<Site BuildName="(empty)"
	BuildStamp="20250606-1903-Experimental"
	Name="chaitanya"
	Generator="ctest-3.22.1"
	CompilerName="/usr/bin/aarch64-linux-gnu-g++"
	CompilerVersion="11.4.0"
	OSName="Linux"
	Hostname="chaitanya"
	OSRelease="5.15.0-1078-raspi"
	OSVersion="#81-Ubuntu SMP PREEMPT Fri Apr 25 05:23:42 UTC 2025"
	OSPlatform="aarch64"
	Is64Bits="1"
	VendorString=""
	VendorID="Unknown Manufacturer"
	FamilyID="8"
	ModelID="0"
	ProcessorCacheSize="0"
	NumberOfLogicalCPU="4"
	NumberOfPhysicalCPU="1"
	TotalVirtualMemory="1023"
	TotalPhysicalMemory="3789"
	LogicalProcessorsPerPhysical="4"
	ProcessorClockFrequency="0"
	>
	<Testing>
		<StartDateTime>Jun 06 20:03 BST</StartDateTime>
		<StartTestTime>1749236631</StartTestTime>
		<TestList/>
		<EndDateTime>Jun 06 20:03 BST</EndDateTime>
		<EndTestTime>1749236631</EndTestTime>
		<ElapsedMinutes>0</ElapsedMinutes>
	</Testing>
</Site>
